Flutter crash report.
Please report a bug at https://github.com/flutter/flutter/issues.

## command

flutter run

## exception

ProcessException: ProcessException: The process cannot access the file because it is being used by another process.

  Command: C:\Users\faruq\AppData\Local\Google\Chrome\Application\chrome.exe --user-data-dir=C:\Users\faruq\AppData\Local\Temp\flutter_tools.81795559\flutter_tools_chrome_device.f0136934 --remote-debugging-port=63805 --disable-background-timer-throttling --disable-extensions --disable-web-security --disable-popup-blocking --bwsi --no-first-run --no-default-browser-check --disable-default-apps --disable-translate http://localhost:63751

```
#0      _ProcessImpl._start (dart:io-patch/process_patch.dart:401:33)
#1      Process.start (dart:io-patch/process_patch.dart:38:20)
#2      LocalProcessManager.start (package:process/src/interface/local_process_manager.dart:42:22)
#3      ErrorHandlingProcessManager.start.<anonymous closure> (package:flutter_tools/src/base/error_handling_io.dart:696:24)
#4      _run (package:flutter_tools/src/base/error_handling_io.dart:568:20)
#5      ErrorHandlingProcessManager.start (package:flutter_tools/src/base/error_handling_io.dart:695:12)
#6      ChromiumLauncher._spawnChromiumProcess (package:flutter_tools/src/web/chrome.dart:261:53)
#7      ChromiumLauncher.launch (package:flutter_tools/src/web/chrome.dart:226:36)
<asynchronous suspension>
#8      ChromiumDevice.startApp (package:flutter_tools/src/web/web_device.dart:145:17)
<asynchronous suspension>
#9      ResidentWebRunner.run.<anonymous closure> (package:flutter_tools/src/isolated/resident_web_runner.dart:303:9)
<asynchronous suspension>
#10     asyncGuard.<anonymous closure> (package:flutter_tools/src/base/async_guard.dart:111:24)
<asynchronous suspension>
```

## flutter doctor

```
[32m[✓][39m Flutter (Channel stable, 3.7.5, on Microsoft Windows [Version 10.0.19045.2965], locale en-ID)
    [32m•[39m Flutter version 3.7.5 on channel stable at C:\src\flutter
    [32m•[39m Upstream repository https://github.com/flutter/flutter.git
    [32m•[39m Framework revision c07f788888 (3 months ago), 2023-02-22 17:52:33 -0600
    [32m•[39m Engine revision 0f359063c4
    [32m•[39m Dart version 2.19.2
    [32m•[39m DevTools version 2.20.1

[32m[✓][39m Windows Version (Installed version of Windows is version 10 or higher)

[32m[✓][39m Android toolchain - develop for Android devices (Android SDK version 31.0.0)
    [32m•[39m Android SDK at C:\Users\faruq\AppData\Local\Android\sdk
    [32m•[39m Platform android-33, build-tools 31.0.0
    [32m•[39m Java binary at: D:\AS\jre\bin\java
    [32m•[39m Java version OpenJDK Runtime Environment (build 11.0.13+0-b1751.21-8125866)
    [32m•[39m All Android licenses accepted.

[32m[✓][39m Chrome - develop for the web
    [32m•[39m Chrome at C:\Users\faruq\AppData\Local\Google\Chrome\Application\chrome.exe

[32m[✓][39m Visual Studio - develop for Windows (Visual Studio Build Tools 2019 16.7.7)
    [32m•[39m Visual Studio at C:\Program Files (x86)\Microsoft Visual Studio\2019\BuildTools
    [32m•[39m Visual Studio Build Tools 2019 version 16.7.30621.155
    [32m•[39m Windows 10 SDK version 10.0.18362.0

[32m[✓][39m Android Studio (version 2021.3)
    [32m•[39m Android Studio at D:\AS
    [32m•[39m Flutter plugin can be installed from:
      🔨 https://plugins.jetbrains.com/plugin/9212-flutter
    [32m•[39m Dart plugin can be installed from:
      🔨 https://plugins.jetbrains.com/plugin/6351-dart
    [32m•[39m Java version OpenJDK Runtime Environment (build 11.0.13+0-b1751.21-8125866)

[33m[!][39m Android Studio (version 4.1)
    [32m•[39m Android Studio at D:\Android Studio
    [32m•[39m Flutter plugin can be installed from:
      🔨 https://plugins.jetbrains.com/plugin/9212-flutter
    [32m•[39m Dart plugin can be installed from:
      🔨 https://plugins.jetbrains.com/plugin/6351-dart
    [31m✗[39m Unable to determine bundled Java version.
    [32m•[39m Try updating or re-installing Android Studio.

[32m[✓][39m IntelliJ IDEA Community Edition (version 2020.3)
    [32m•[39m IntelliJ at C:\Program Files\JetBrains\IntelliJ IDEA Community Edition 2020.3.1
    [32m•[39m Flutter plugin can be installed from:
      🔨 https://plugins.jetbrains.com/plugin/9212-flutter
    [32m•[39m Dart plugin can be installed from:
      🔨 https://plugins.jetbrains.com/plugin/6351-dart

[32m[✓][39m VS Code (version 1.78.2)
    [32m•[39m VS Code at C:\Users\faruq\AppData\Local\Programs\Microsoft VS Code
    [32m•[39m Flutter extension version 3.64.0

[32m[✓][39m Connected device (3 available)
    [32m•[39m Windows (desktop) • windows • windows-x64    • Microsoft Windows [Version 10.0.19045.2965]
    [32m•[39m Chrome (web)      • chrome  • web-javascript • Google Chrome 113.0.5672.127
    [32m•[39m Edge (web)        • edge    • web-javascript • Microsoft Edge 112.0.1722.64

[32m[✓][39m HTTP Host Availability
    [32m•[39m All required HTTP hosts are available

[33m![39m Doctor found issues in 1 category.
```
